{"/Users/user/Documents/GoIT/Node/nodejs-homework-rest-api/app.js": {"path":"/Users/user/Documents/GoIT/Node/nodejs-homework-rest-api/app.js","statementMap":{"0":{"start":{"line":1,"column":16},"end":{"line":1,"column":34}},"1":{"start":{"line":2,"column":15},"end":{"line":2,"column":32}},"2":{"start":{"line":3,"column":13},"end":{"line":3,"column":28}},"3":{"start":{"line":4,"column":15},"end":{"line":4,"column":32}},"4":{"start":{"line":5,"column":18},"end":{"line":5,"column":47}},"5":{"start":{"line":6,"column":19},"end":{"line":6,"column":51}},"6":{"start":{"line":7,"column":33},"end":{"line":7,"column":63}},"7":{"start":{"line":8,"column":0},"end":{"line":8,"column":27}},"8":{"start":{"line":9,"column":24},"end":{"line":9,"column":51}},"9":{"start":{"line":10,"column":13},"end":{"line":10,"column":28}},"10":{"start":{"line":12,"column":12},"end":{"line":12,"column":21}},"11":{"start":{"line":14,"column":22},"end":{"line":14,"column":72}},"12":{"start":{"line":16,"column":0},"end":{"line":16,"column":18}},"13":{"start":{"line":17,"column":0},"end":{"line":17,"column":75}},"14":{"start":{"line":18,"column":0},"end":{"line":18,"column":60}},"15":{"start":{"line":19,"column":0},"end":{"line":19,"column":16}},"16":{"start":{"line":20,"column":0},"end":{"line":20,"column":40}},"17":{"start":{"line":21,"column":0},"end":{"line":21,"column":22}},"18":{"start":{"line":23,"column":0},"end":{"line":23,"column":40}},"19":{"start":{"line":25,"column":0},"end":{"line":25,"column":42}},"20":{"start":{"line":27,"column":0},"end":{"line":31,"column":3}},"21":{"start":{"line":28,"column":2},"end":{"line":30,"column":79}},"22":{"start":{"line":33,"column":0},"end":{"line":40,"column":3}},"23":{"start":{"line":34,"column":17},"end":{"line":34,"column":61}},"24":{"start":{"line":35,"column":2},"end":{"line":39,"column":5}},"25":{"start":{"line":42,"column":0},"end":{"line":44,"column":3}},"26":{"start":{"line":43,"column":2},"end":{"line":43,"column":69}},"27":{"start":{"line":46,"column":0},"end":{"line":46,"column":21}}},"fnMap":{"0":{"name":"(anonymous_0)","decl":{"start":{"line":27,"column":8},"end":{"line":27,"column":9}},"loc":{"start":{"line":27,"column":22},"end":{"line":31,"column":1}},"line":27},"1":{"name":"(anonymous_1)","decl":{"start":{"line":33,"column":8},"end":{"line":33,"column":9}},"loc":{"start":{"line":33,"column":33},"end":{"line":40,"column":1}},"line":33},"2":{"name":"(anonymous_2)","decl":{"start":{"line":42,"column":33},"end":{"line":42,"column":34}},"loc":{"start":{"line":42,"column":54},"end":{"line":44,"column":1}},"line":42}},"branchMap":{"0":{"loc":{"start":{"line":14,"column":22},"end":{"line":14,"column":72}},"type":"cond-expr","locations":[{"start":{"line":14,"column":57},"end":{"line":14,"column":62}},{"start":{"line":14,"column":65},"end":{"line":14,"column":72}}],"line":14},"1":{"loc":{"start":{"line":18,"column":0},"end":{"line":18,"column":59}},"type":"binary-expr","locations":[{"start":{"line":18,"column":0},"end":{"line":18,"column":25}},{"start":{"line":18,"column":29},"end":{"line":18,"column":59}}],"line":18},"2":{"loc":{"start":{"line":34,"column":17},"end":{"line":34,"column":61}},"type":"binary-expr","locations":[{"start":{"line":34,"column":17},"end":{"line":34,"column":27}},{"start":{"line":34,"column":31},"end":{"line":34,"column":61}}],"line":34},"3":{"loc":{"start":{"line":36,"column":12},"end":{"line":36,"column":45}},"type":"cond-expr","locations":[{"start":{"line":36,"column":29},"end":{"line":36,"column":35}},{"start":{"line":36,"column":38},"end":{"line":36,"column":45}}],"line":36}},"s":{"0":2,"1":2,"2":2,"3":2,"4":2,"5":2,"6":2,"7":2,"8":2,"9":2,"10":2,"11":2,"12":2,"13":2,"14":2,"15":2,"16":2,"17":2,"18":2,"19":2,"20":2,"21":0,"22":2,"23":0,"24":0,"25":2,"26":0,"27":2},"f":{"0":0,"1":0,"2":0},"b":{"0":[0,2],"1":[2,0],"2":[0,0],"3":[0,0]},"_coverageSchema":"1a1c01bbd47fc00a2c39e90264f33305004495a9","hash":"d51363651748ce20d27fa5731cba95a2c3fb571c"}
,"/Users/user/Documents/GoIT/Node/nodejs-homework-rest-api/config/passport.js": {"path":"/Users/user/Documents/GoIT/Node/nodejs-homework-rest-api/config/passport.js","statementMap":{"0":{"start":{"line":1,"column":17},"end":{"line":1,"column":36}},"1":{"start":{"line":2,"column":46},"end":{"line":2,"column":69}},"2":{"start":{"line":3,"column":0},"end":{"line":3,"column":27}},"3":{"start":{"line":4,"column":19},"end":{"line":4,"column":41}},"4":{"start":{"line":5,"column":14},"end":{"line":5,"column":46}},"5":{"start":{"line":7,"column":13},"end":{"line":7,"column":15}},"6":{"start":{"line":8,"column":0},"end":{"line":8,"column":63}},"7":{"start":{"line":9,"column":0},"end":{"line":9,"column":30}},"8":{"start":{"line":11,"column":0},"end":{"line":26,"column":2}},"9":{"start":{"line":13,"column":4},"end":{"line":24,"column":5}},"10":{"start":{"line":14,"column":19},"end":{"line":14,"column":51}},"11":{"start":{"line":15,"column":6},"end":{"line":17,"column":7}},"12":{"start":{"line":16,"column":8},"end":{"line":16,"column":49}},"13":{"start":{"line":18,"column":6},"end":{"line":20,"column":7}},"14":{"start":{"line":19,"column":8},"end":{"line":19,"column":33}},"15":{"start":{"line":21,"column":6},"end":{"line":21,"column":30}},"16":{"start":{"line":23,"column":6},"end":{"line":23,"column":23}}},"fnMap":{"0":{"name":"(anonymous_0)","decl":{"start":{"line":12,"column":24},"end":{"line":12,"column":25}},"loc":{"start":{"line":12,"column":49},"end":{"line":25,"column":3}},"line":12}},"branchMap":{"0":{"loc":{"start":{"line":15,"column":6},"end":{"line":17,"column":7}},"type":"if","locations":[{"start":{"line":15,"column":6},"end":{"line":17,"column":7}},{"start":{"line":15,"column":6},"end":{"line":17,"column":7}}],"line":15},"1":{"loc":{"start":{"line":18,"column":6},"end":{"line":20,"column":7}},"type":"if","locations":[{"start":{"line":18,"column":6},"end":{"line":20,"column":7}},{"start":{"line":18,"column":6},"end":{"line":20,"column":7}}],"line":18}},"s":{"0":3,"1":3,"2":3,"3":3,"4":3,"5":3,"6":3,"7":3,"8":3,"9":5,"10":5,"11":5,"12":0,"13":5,"14":0,"15":5,"16":0},"f":{"0":5},"b":{"0":[0,5],"1":[0,5]},"_coverageSchema":"1a1c01bbd47fc00a2c39e90264f33305004495a9","hash":"17c1d5a215bbc157d75196ca7daefc8669384b91"}
,"/Users/user/Documents/GoIT/Node/nodejs-homework-rest-api/controllers/contacts.js": {"path":"/Users/user/Documents/GoIT/Node/nodejs-homework-rest-api/controllers/contacts.js","statementMap":{"0":{"start":{"line":1,"column":21},"end":{"line":1,"column":52}},"1":{"start":{"line":2,"column":17},"end":{"line":2,"column":52}},"2":{"start":{"line":4,"column":15},"end":{"line":19,"column":1}},"3":{"start":{"line":5,"column":2},"end":{"line":18,"column":3}},"4":{"start":{"line":6,"column":19},"end":{"line":6,"column":30}},"5":{"start":{"line":7,"column":40},"end":{"line":10,"column":5}},"6":{"start":{"line":11,"column":4},"end":{"line":15,"column":7}},"7":{"start":{"line":17,"column":4},"end":{"line":17,"column":12}},"8":{"start":{"line":21,"column":16},"end":{"line":38,"column":1}},"9":{"start":{"line":22,"column":2},"end":{"line":37,"column":3}},"10":{"start":{"line":23,"column":19},"end":{"line":23,"column":30}},"11":{"start":{"line":24,"column":20},"end":{"line":24,"column":65}},"12":{"start":{"line":25,"column":4},"end":{"line":29,"column":5}},"13":{"start":{"line":26,"column":6},"end":{"line":28,"column":75}},"14":{"start":{"line":30,"column":4},"end":{"line":34,"column":7}},"15":{"start":{"line":36,"column":4},"end":{"line":36,"column":12}},"16":{"start":{"line":40,"column":19},"end":{"line":50,"column":1}},"17":{"start":{"line":41,"column":2},"end":{"line":49,"column":3}},"18":{"start":{"line":42,"column":19},"end":{"line":42,"column":30}},"19":{"start":{"line":43,"column":20},"end":{"line":43,"column":63}},"20":{"start":{"line":44,"column":4},"end":{"line":46,"column":78}},"21":{"start":{"line":48,"column":4},"end":{"line":48,"column":12}},"22":{"start":{"line":52,"column":22},"end":{"line":71,"column":1}},"23":{"start":{"line":53,"column":2},"end":{"line":70,"column":3}},"24":{"start":{"line":54,"column":19},"end":{"line":54,"column":30}},"25":{"start":{"line":55,"column":20},"end":{"line":55,"column":71}},"26":{"start":{"line":56,"column":4},"end":{"line":62,"column":5}},"27":{"start":{"line":57,"column":6},"end":{"line":61,"column":9}},"28":{"start":{"line":63,"column":4},"end":{"line":67,"column":7}},"29":{"start":{"line":69,"column":4},"end":{"line":69,"column":12}},"30":{"start":{"line":73,"column":22},"end":{"line":94,"column":1}},"31":{"start":{"line":74,"column":2},"end":{"line":93,"column":3}},"32":{"start":{"line":75,"column":19},"end":{"line":75,"column":30}},"33":{"start":{"line":76,"column":20},"end":{"line":80,"column":5}},"34":{"start":{"line":81,"column":4},"end":{"line":85,"column":5}},"35":{"start":{"line":82,"column":6},"end":{"line":84,"column":75}},"36":{"start":{"line":86,"column":4},"end":{"line":90,"column":7}},"37":{"start":{"line":92,"column":4},"end":{"line":92,"column":12}},"38":{"start":{"line":96,"column":28},"end":{"line":117,"column":1}},"39":{"start":{"line":97,"column":2},"end":{"line":116,"column":3}},"40":{"start":{"line":98,"column":19},"end":{"line":98,"column":30}},"41":{"start":{"line":99,"column":20},"end":{"line":103,"column":5}},"42":{"start":{"line":104,"column":4},"end":{"line":108,"column":5}},"43":{"start":{"line":105,"column":6},"end":{"line":107,"column":75}},"44":{"start":{"line":109,"column":4},"end":{"line":113,"column":7}},"45":{"start":{"line":115,"column":4},"end":{"line":115,"column":12}},"46":{"start":{"line":119,"column":0},"end":{"line":126,"column":2}}},"fnMap":{"0":{"name":"(anonymous_0)","decl":{"start":{"line":4,"column":15},"end":{"line":4,"column":16}},"loc":{"start":{"line":4,"column":41},"end":{"line":19,"column":1}},"line":4},"1":{"name":"(anonymous_1)","decl":{"start":{"line":21,"column":16},"end":{"line":21,"column":17}},"loc":{"start":{"line":21,"column":42},"end":{"line":38,"column":1}},"line":21},"2":{"name":"(anonymous_2)","decl":{"start":{"line":40,"column":19},"end":{"line":40,"column":20}},"loc":{"start":{"line":40,"column":45},"end":{"line":50,"column":1}},"line":40},"3":{"name":"(anonymous_3)","decl":{"start":{"line":52,"column":22},"end":{"line":52,"column":23}},"loc":{"start":{"line":52,"column":48},"end":{"line":71,"column":1}},"line":52},"4":{"name":"(anonymous_4)","decl":{"start":{"line":73,"column":22},"end":{"line":73,"column":23}},"loc":{"start":{"line":73,"column":48},"end":{"line":94,"column":1}},"line":73},"5":{"name":"(anonymous_5)","decl":{"start":{"line":96,"column":28},"end":{"line":96,"column":29}},"loc":{"start":{"line":96,"column":54},"end":{"line":117,"column":1}},"line":96}},"branchMap":{"0":{"loc":{"start":{"line":25,"column":4},"end":{"line":29,"column":5}},"type":"if","locations":[{"start":{"line":25,"column":4},"end":{"line":29,"column":5}},{"start":{"line":25,"column":4},"end":{"line":29,"column":5}}],"line":25},"1":{"loc":{"start":{"line":56,"column":4},"end":{"line":62,"column":5}},"type":"if","locations":[{"start":{"line":56,"column":4},"end":{"line":62,"column":5}},{"start":{"line":56,"column":4},"end":{"line":62,"column":5}}],"line":56},"2":{"loc":{"start":{"line":81,"column":4},"end":{"line":85,"column":5}},"type":"if","locations":[{"start":{"line":81,"column":4},"end":{"line":85,"column":5}},{"start":{"line":81,"column":4},"end":{"line":85,"column":5}}],"line":81},"3":{"loc":{"start":{"line":104,"column":4},"end":{"line":108,"column":5}},"type":"if","locations":[{"start":{"line":104,"column":4},"end":{"line":108,"column":5}},{"start":{"line":104,"column":4},"end":{"line":108,"column":5}}],"line":104}},"s":{"0":3,"1":3,"2":3,"3":1,"4":1,"5":1,"6":1,"7":0,"8":3,"9":2,"10":2,"11":2,"12":2,"13":1,"14":1,"15":0,"16":3,"17":1,"18":1,"19":1,"20":1,"21":0,"22":3,"23":0,"24":0,"25":0,"26":0,"27":0,"28":0,"29":0,"30":3,"31":3,"32":3,"33":3,"34":2,"35":1,"36":1,"37":1,"38":3,"39":0,"40":0,"41":0,"42":0,"43":0,"44":0,"45":0,"46":3},"f":{"0":1,"1":2,"2":1,"3":0,"4":3,"5":0},"b":{"0":[1,1],"1":[0,0],"2":[1,1],"3":[0,0]},"_coverageSchema":"1a1c01bbd47fc00a2c39e90264f33305004495a9","hash":"c220a8629e1687a0a6c75a9059946db2a6628750"}
,"/Users/user/Documents/GoIT/Node/nodejs-homework-rest-api/controllers/users.js": {"path":"/Users/user/Documents/GoIT/Node/nodejs-homework-rest-api/controllers/users.js","statementMap":{"0":{"start":{"line":1,"column":14},"end":{"line":1,"column":46}},"1":{"start":{"line":2,"column":21},"end":{"line":2,"column":52}},"2":{"start":{"line":3,"column":12},"end":{"line":3,"column":35}},"3":{"start":{"line":4,"column":11},"end":{"line":4,"column":33}},"4":{"start":{"line":6,"column":28},"end":{"line":6,"column":63}},"5":{"start":{"line":8,"column":0},"end":{"line":8,"column":27}},"6":{"start":{"line":9,"column":19},"end":{"line":9,"column":41}},"7":{"start":{"line":10,"column":24},"end":{"line":10,"column":51}},"8":{"start":{"line":12,"column":15},"end":{"line":38,"column":1}},"9":{"start":{"line":13,"column":2},"end":{"line":37,"column":3}},"10":{"start":{"line":14,"column":17},"end":{"line":14,"column":56}},"11":{"start":{"line":16,"column":4},"end":{"line":22,"column":5}},"12":{"start":{"line":17,"column":6},"end":{"line":21,"column":9}},"13":{"start":{"line":24,"column":44},"end":{"line":24,"column":76}},"14":{"start":{"line":26,"column":4},"end":{"line":34,"column":7}},"15":{"start":{"line":36,"column":4},"end":{"line":36,"column":12}},"16":{"start":{"line":40,"column":14},"end":{"line":67,"column":1}},"17":{"start":{"line":41,"column":2},"end":{"line":66,"column":3}},"18":{"start":{"line":42,"column":17},"end":{"line":42,"column":56}},"19":{"start":{"line":43,"column":28},"end":{"line":43,"column":74}},"20":{"start":{"line":44,"column":4},"end":{"line":50,"column":5}},"21":{"start":{"line":45,"column":6},"end":{"line":49,"column":9}},"22":{"start":{"line":51,"column":15},"end":{"line":51,"column":22}},"23":{"start":{"line":52,"column":20},"end":{"line":52,"column":26}},"24":{"start":{"line":53,"column":18},"end":{"line":53,"column":68}},"25":{"start":{"line":54,"column":4},"end":{"line":54,"column":39}},"26":{"start":{"line":55,"column":4},"end":{"line":63,"column":7}},"27":{"start":{"line":65,"column":4},"end":{"line":65,"column":12}},"28":{"start":{"line":69,"column":15},"end":{"line":82,"column":1}},"29":{"start":{"line":70,"column":2},"end":{"line":81,"column":3}},"30":{"start":{"line":71,"column":15},"end":{"line":71,"column":26}},"31":{"start":{"line":72,"column":4},"end":{"line":72,"column":38}},"32":{"start":{"line":74,"column":4},"end":{"line":78,"column":7}},"33":{"start":{"line":80,"column":4},"end":{"line":80,"column":12}},"34":{"start":{"line":110,"column":16},"end":{"line":129,"column":1}},"35":{"start":{"line":111,"column":2},"end":{"line":128,"column":3}},"36":{"start":{"line":112,"column":15},"end":{"line":112,"column":26}},"37":{"start":{"line":113,"column":20},"end":{"line":113,"column":45}},"38":{"start":{"line":114,"column":41},"end":{"line":117,"column":5}},"39":{"start":{"line":119,"column":4},"end":{"line":119,"column":35}},"40":{"start":{"line":120,"column":4},"end":{"line":120,"column":59}},"41":{"start":{"line":121,"column":4},"end":{"line":125,"column":7}},"42":{"start":{"line":127,"column":4},"end":{"line":127,"column":12}},"43":{"start":{"line":131,"column":0},"end":{"line":131,"column":52}}},"fnMap":{"0":{"name":"(anonymous_0)","decl":{"start":{"line":12,"column":15},"end":{"line":12,"column":16}},"loc":{"start":{"line":12,"column":41},"end":{"line":38,"column":1}},"line":12},"1":{"name":"(anonymous_1)","decl":{"start":{"line":40,"column":14},"end":{"line":40,"column":15}},"loc":{"start":{"line":40,"column":40},"end":{"line":67,"column":1}},"line":40},"2":{"name":"(anonymous_2)","decl":{"start":{"line":69,"column":15},"end":{"line":69,"column":16}},"loc":{"start":{"line":69,"column":41},"end":{"line":82,"column":1}},"line":69},"3":{"name":"(anonymous_3)","decl":{"start":{"line":110,"column":16},"end":{"line":110,"column":17}},"loc":{"start":{"line":110,"column":42},"end":{"line":129,"column":1}},"line":110}},"branchMap":{"0":{"loc":{"start":{"line":16,"column":4},"end":{"line":22,"column":5}},"type":"if","locations":[{"start":{"line":16,"column":4},"end":{"line":22,"column":5}},{"start":{"line":16,"column":4},"end":{"line":22,"column":5}}],"line":16},"1":{"loc":{"start":{"line":44,"column":4},"end":{"line":50,"column":5}},"type":"if","locations":[{"start":{"line":44,"column":4},"end":{"line":50,"column":5}},{"start":{"line":44,"column":4},"end":{"line":50,"column":5}}],"line":44},"2":{"loc":{"start":{"line":44,"column":8},"end":{"line":44,"column":33}},"type":"binary-expr","locations":[{"start":{"line":44,"column":8},"end":{"line":44,"column":13}},{"start":{"line":44,"column":17},"end":{"line":44,"column":33}}],"line":44}},"s":{"0":2,"1":2,"2":2,"3":2,"4":2,"5":2,"6":2,"7":2,"8":2,"9":2,"10":2,"11":2,"12":1,"13":1,"14":1,"15":0,"16":2,"17":1,"18":1,"19":1,"20":1,"21":0,"22":1,"23":1,"24":1,"25":1,"26":1,"27":0,"28":2,"29":0,"30":0,"31":0,"32":0,"33":0,"34":2,"35":1,"36":1,"37":1,"38":1,"39":1,"40":1,"41":1,"42":0,"43":2},"f":{"0":2,"1":1,"2":0,"3":1},"b":{"0":[1,1],"1":[0,1],"2":[1,1]},"_coverageSchema":"1a1c01bbd47fc00a2c39e90264f33305004495a9","hash":"dab4bad8156ee0645181eb8e7afe62cc7ab0e5ad"}
,"/Users/user/Documents/GoIT/Node/nodejs-homework-rest-api/helpers/constants.js": {"path":"/Users/user/Documents/GoIT/Node/nodejs-homework-rest-api/helpers/constants.js","statementMap":{"0":{"start":{"line":1,"column":17},"end":{"line":12,"column":1}},"1":{"start":{"line":14,"column":21},"end":{"line":18,"column":1}},"2":{"start":{"line":20,"column":19},"end":{"line":30,"column":1}},"3":{"start":{"line":24,"column":4},"end":{"line":28,"column":7}},"4":{"start":{"line":32,"column":0},"end":{"line":32,"column":56}}},"fnMap":{"0":{"name":"(anonymous_0)","decl":{"start":{"line":23,"column":11},"end":{"line":23,"column":12}},"loc":{"start":{"line":23,"column":31},"end":{"line":29,"column":3}},"line":23}},"branchMap":{},"s":{"0":4,"1":4,"2":4,"3":0,"4":4},"f":{"0":0},"b":{},"_coverageSchema":"1a1c01bbd47fc00a2c39e90264f33305004495a9","hash":"de0bee6648646059e2b851e6182f88d561760099"}
,"/Users/user/Documents/GoIT/Node/nodejs-homework-rest-api/helpers/guard.js": {"path":"/Users/user/Documents/GoIT/Node/nodejs-homework-rest-api/helpers/guard.js","statementMap":{"0":{"start":{"line":1,"column":17},"end":{"line":1,"column":36}},"1":{"start":{"line":2,"column":0},"end":{"line":2,"column":30}},"2":{"start":{"line":3,"column":21},"end":{"line":3,"column":43}},"3":{"start":{"line":5,"column":14},"end":{"line":24,"column":1}},"4":{"start":{"line":6,"column":2},"end":{"line":23,"column":21}},"5":{"start":{"line":7,"column":23},"end":{"line":7,"column":47}},"6":{"start":{"line":8,"column":16},"end":{"line":8,"column":20}},"7":{"start":{"line":9,"column":4},"end":{"line":11,"column":5}},"8":{"start":{"line":10,"column":6},"end":{"line":10,"column":39}},"9":{"start":{"line":13,"column":4},"end":{"line":19,"column":5}},"10":{"start":{"line":14,"column":6},"end":{"line":18,"column":9}},"11":{"start":{"line":21,"column":4},"end":{"line":21,"column":20}},"12":{"start":{"line":22,"column":4},"end":{"line":22,"column":18}},"13":{"start":{"line":26,"column":0},"end":{"line":26,"column":23}}},"fnMap":{"0":{"name":"(anonymous_0)","decl":{"start":{"line":5,"column":14},"end":{"line":5,"column":15}},"loc":{"start":{"line":5,"column":34},"end":{"line":24,"column":1}},"line":5},"1":{"name":"(anonymous_1)","decl":{"start":{"line":6,"column":51},"end":{"line":6,"column":52}},"loc":{"start":{"line":6,"column":66},"end":{"line":23,"column":3}},"line":6}},"branchMap":{"0":{"loc":{"start":{"line":9,"column":4},"end":{"line":11,"column":5}},"type":"if","locations":[{"start":{"line":9,"column":4},"end":{"line":11,"column":5}},{"start":{"line":9,"column":4},"end":{"line":11,"column":5}}],"line":9},"1":{"loc":{"start":{"line":13,"column":4},"end":{"line":19,"column":5}},"type":"if","locations":[{"start":{"line":13,"column":4},"end":{"line":19,"column":5}},{"start":{"line":13,"column":4},"end":{"line":19,"column":5}}],"line":13},"2":{"loc":{"start":{"line":13,"column":8},"end":{"line":13,"column":45}},"type":"binary-expr","locations":[{"start":{"line":13,"column":8},"end":{"line":13,"column":11}},{"start":{"line":13,"column":15},"end":{"line":13,"column":20}},{"start":{"line":13,"column":24},"end":{"line":13,"column":45}}],"line":13}},"s":{"0":3,"1":3,"2":3,"3":3,"4":8,"5":8,"6":8,"7":8,"8":8,"9":8,"10":2,"11":6,"12":6,"13":3},"f":{"0":8,"1":8},"b":{"0":[8,0],"1":[2,6],"2":[8,8,7]},"_coverageSchema":"1a1c01bbd47fc00a2c39e90264f33305004495a9","hash":"d5e336f0f159b3ef96a82424ed5ddedb0b0a4771"}
,"/Users/user/Documents/GoIT/Node/nodejs-homework-rest-api/helpers/upload.js": {"path":"/Users/user/Documents/GoIT/Node/nodejs-homework-rest-api/helpers/upload.js","statementMap":{"0":{"start":{"line":1,"column":15},"end":{"line":1,"column":32}},"1":{"start":{"line":2,"column":13},"end":{"line":2,"column":28}},"2":{"start":{"line":3,"column":21},"end":{"line":3,"column":43}},"3":{"start":{"line":4,"column":0},"end":{"line":4,"column":27}},"4":{"start":{"line":5,"column":19},"end":{"line":5,"column":41}},"5":{"start":{"line":7,"column":16},"end":{"line":14,"column":2}},"6":{"start":{"line":9,"column":4},"end":{"line":9,"column":25}},"7":{"start":{"line":12,"column":4},"end":{"line":12,"column":62}},"8":{"start":{"line":16,"column":15},"end":{"line":28,"column":2}},"9":{"start":{"line":20,"column":4},"end":{"line":23,"column":5}},"10":{"start":{"line":21,"column":6},"end":{"line":21,"column":21}},"11":{"start":{"line":22,"column":6},"end":{"line":22,"column":13}},"12":{"start":{"line":24,"column":18},"end":{"line":24,"column":59}},"13":{"start":{"line":25,"column":4},"end":{"line":25,"column":40}},"14":{"start":{"line":26,"column":4},"end":{"line":26,"column":14}},"15":{"start":{"line":30,"column":0},"end":{"line":30,"column":24}}},"fnMap":{"0":{"name":"(anonymous_0)","decl":{"start":{"line":8,"column":15},"end":{"line":8,"column":16}},"loc":{"start":{"line":8,"column":40},"end":{"line":10,"column":3}},"line":8},"1":{"name":"(anonymous_1)","decl":{"start":{"line":11,"column":12},"end":{"line":11,"column":13}},"loc":{"start":{"line":11,"column":37},"end":{"line":13,"column":3}},"line":11},"2":{"name":"(anonymous_2)","decl":{"start":{"line":19,"column":14},"end":{"line":19,"column":15}},"loc":{"start":{"line":19,"column":33},"end":{"line":27,"column":3}},"line":19}},"branchMap":{"0":{"loc":{"start":{"line":20,"column":4},"end":{"line":23,"column":5}},"type":"if","locations":[{"start":{"line":20,"column":4},"end":{"line":23,"column":5}},{"start":{"line":20,"column":4},"end":{"line":23,"column":5}}],"line":20}},"s":{"0":2,"1":2,"2":2,"3":2,"4":2,"5":2,"6":1,"7":1,"8":2,"9":1,"10":1,"11":1,"12":0,"13":0,"14":0,"15":2},"f":{"0":1,"1":1,"2":1},"b":{"0":[1,0]},"_coverageSchema":"1a1c01bbd47fc00a2c39e90264f33305004495a9","hash":"d05ccb68674f53c39d4846a760dbaa0e4190db0a"}
,"/Users/user/Documents/GoIT/Node/nodejs-homework-rest-api/model/contact.js": {"path":"/Users/user/Documents/GoIT/Node/nodejs-homework-rest-api/model/contact.js","statementMap":{"0":{"start":{"line":1,"column":39},"end":{"line":1,"column":58}},"1":{"start":{"line":2,"column":25},"end":{"line":2,"column":56}},"2":{"start":{"line":4,"column":22},"end":{"line":37,"column":1}},"3":{"start":{"line":31,"column":8},"end":{"line":31,"column":23}},"4":{"start":{"line":32,"column":8},"end":{"line":32,"column":19}},"5":{"start":{"line":39,"column":0},"end":{"line":41,"column":3}},"6":{"start":{"line":40,"column":2},"end":{"line":40,"column":88}},"7":{"start":{"line":43,"column":0},"end":{"line":43,"column":39}},"8":{"start":{"line":44,"column":16},"end":{"line":44,"column":47}},"9":{"start":{"line":46,"column":0},"end":{"line":46,"column":25}}},"fnMap":{"0":{"name":"(anonymous_0)","decl":{"start":{"line":30,"column":17},"end":{"line":30,"column":18}},"loc":{"start":{"line":30,"column":37},"end":{"line":33,"column":7}},"line":30},"1":{"name":"(anonymous_1)","decl":{"start":{"line":39,"column":34},"end":{"line":39,"column":35}},"loc":{"start":{"line":39,"column":46},"end":{"line":41,"column":1}},"line":39}},"branchMap":{},"s":{"0":3,"1":3,"2":3,"3":2,"4":2,"5":3,"6":2,"7":3,"8":3,"9":3},"f":{"0":2,"1":2},"b":{},"_coverageSchema":"1a1c01bbd47fc00a2c39e90264f33305004495a9","hash":"5f99659e184df25a7facfe12bdeaf73810f37219"}
,"/Users/user/Documents/GoIT/Node/nodejs-homework-rest-api/model/db.js": {"path":"/Users/user/Documents/GoIT/Node/nodejs-homework-rest-api/model/db.js","statementMap":{"0":{"start":{"line":1,"column":17},"end":{"line":1,"column":36}},"1":{"start":{"line":2,"column":0},"end":{"line":2,"column":27}},"2":{"start":{"line":5,"column":12},"end":{"line":5,"column":16}},"3":{"start":{"line":7,"column":0},"end":{"line":9,"column":1}},"4":{"start":{"line":8,"column":2},"end":{"line":8,"column":34}},"5":{"start":{"line":10,"column":0},"end":{"line":10,"column":27}},"6":{"start":{"line":12,"column":11},"end":{"line":18,"column":2}},"7":{"start":{"line":20,"column":0},"end":{"line":32,"column":1}},"8":{"start":{"line":21,"column":2},"end":{"line":23,"column":5}},"9":{"start":{"line":22,"column":4},"end":{"line":22,"column":68}},"10":{"start":{"line":25,"column":2},"end":{"line":27,"column":5}},"11":{"start":{"line":26,"column":4},"end":{"line":26,"column":58}},"12":{"start":{"line":29,"column":2},"end":{"line":31,"column":5}},"13":{"start":{"line":30,"column":4},"end":{"line":30,"column":52}},"14":{"start":{"line":34,"column":0},"end":{"line":39,"column":3}},"15":{"start":{"line":35,"column":2},"end":{"line":38,"column":5}},"16":{"start":{"line":36,"column":4},"end":{"line":36,"column":47}},"17":{"start":{"line":37,"column":4},"end":{"line":37,"column":20}},"18":{"start":{"line":41,"column":0},"end":{"line":41,"column":20}}},"fnMap":{"0":{"name":"(anonymous_0)","decl":{"start":{"line":21,"column":38},"end":{"line":21,"column":39}},"loc":{"start":{"line":21,"column":44},"end":{"line":23,"column":3}},"line":21},"1":{"name":"(anonymous_1)","decl":{"start":{"line":25,"column":34},"end":{"line":25,"column":35}},"loc":{"start":{"line":25,"column":41},"end":{"line":27,"column":3}},"line":25},"2":{"name":"(anonymous_2)","decl":{"start":{"line":29,"column":41},"end":{"line":29,"column":42}},"loc":{"start":{"line":29,"column":48},"end":{"line":31,"column":3}},"line":29},"3":{"name":"(anonymous_3)","decl":{"start":{"line":34,"column":21},"end":{"line":34,"column":22}},"loc":{"start":{"line":34,"column":33},"end":{"line":39,"column":1}},"line":34},"4":{"name":"(anonymous_4)","decl":{"start":{"line":35,"column":28},"end":{"line":35,"column":29}},"loc":{"start":{"line":35,"column":34},"end":{"line":38,"column":3}},"line":35}},"branchMap":{"0":{"loc":{"start":{"line":7,"column":0},"end":{"line":9,"column":1}},"type":"if","locations":[{"start":{"line":7,"column":0},"end":{"line":9,"column":1}},{"start":{"line":7,"column":0},"end":{"line":9,"column":1}}],"line":7},"1":{"loc":{"start":{"line":20,"column":0},"end":{"line":32,"column":1}},"type":"if","locations":[{"start":{"line":20,"column":0},"end":{"line":32,"column":1}},{"start":{"line":20,"column":0},"end":{"line":32,"column":1}}],"line":20}},"s":{"0":2,"1":2,"2":2,"3":2,"4":2,"5":2,"6":2,"7":2,"8":0,"9":0,"10":0,"11":0,"12":0,"13":0,"14":2,"15":0,"16":0,"17":0,"18":2},"f":{"0":0,"1":0,"2":0,"3":0,"4":0},"b":{"0":[2,0],"1":[0,2]},"_coverageSchema":"1a1c01bbd47fc00a2c39e90264f33305004495a9","hash":"de2733f972e620a56aec34fd6f8af280ffd25c1a"}
,"/Users/user/Documents/GoIT/Node/nodejs-homework-rest-api/model/user.js": {"path":"/Users/user/Documents/GoIT/Node/nodejs-homework-rest-api/model/user.js","statementMap":{"0":{"start":{"line":1,"column":17},"end":{"line":1,"column":36}},"1":{"start":{"line":2,"column":11},"end":{"line":2,"column":30}},"2":{"start":{"line":3,"column":15},"end":{"line":3,"column":34}},"3":{"start":{"line":4,"column":25},"end":{"line":4,"column":56}},"4":{"start":{"line":5,"column":25},"end":{"line":5,"column":26}},"5":{"start":{"line":9,"column":15},"end":{"line":9,"column":30}},"6":{"start":{"line":11,"column":19},"end":{"line":44,"column":2}},"7":{"start":{"line":21,"column":17},"end":{"line":21,"column":32}},"8":{"start":{"line":22,"column":6},"end":{"line":22,"column":50}},"9":{"start":{"line":37,"column":6},"end":{"line":37,"column":52}},"10":{"start":{"line":47,"column":0},"end":{"line":53,"column":3}},"11":{"start":{"line":48,"column":2},"end":{"line":51,"column":3}},"12":{"start":{"line":49,"column":17},"end":{"line":49,"column":55}},"13":{"start":{"line":50,"column":4},"end":{"line":50,"column":59}},"14":{"start":{"line":52,"column":2},"end":{"line":52,"column":9}},"15":{"start":{"line":56,"column":0},"end":{"line":58,"column":2}},"16":{"start":{"line":57,"column":2},"end":{"line":57,"column":55}},"17":{"start":{"line":60,"column":13},"end":{"line":60,"column":47}},"18":{"start":{"line":62,"column":0},"end":{"line":62,"column":22}}},"fnMap":{"0":{"name":"(anonymous_0)","decl":{"start":{"line":20,"column":4},"end":{"line":20,"column":5}},"loc":{"start":{"line":20,"column":20},"end":{"line":23,"column":5}},"line":20},"1":{"name":"(anonymous_1)","decl":{"start":{"line":36,"column":13},"end":{"line":36,"column":14}},"loc":{"start":{"line":36,"column":25},"end":{"line":38,"column":5}},"line":36},"2":{"name":"(anonymous_2)","decl":{"start":{"line":47,"column":23},"end":{"line":47,"column":24}},"loc":{"start":{"line":47,"column":45},"end":{"line":53,"column":1}},"line":47},"3":{"name":"(anonymous_3)","decl":{"start":{"line":56,"column":37},"end":{"line":56,"column":38}},"loc":{"start":{"line":56,"column":63},"end":{"line":58,"column":1}},"line":56}},"branchMap":{"0":{"loc":{"start":{"line":48,"column":2},"end":{"line":51,"column":3}},"type":"if","locations":[{"start":{"line":48,"column":2},"end":{"line":51,"column":3}},{"start":{"line":48,"column":2},"end":{"line":51,"column":3}}],"line":48}},"s":{"0":3,"1":3,"2":3,"3":3,"4":3,"5":3,"6":3,"7":2,"8":2,"9":2,"10":3,"11":2,"12":2,"13":2,"14":2,"15":3,"16":1,"17":3,"18":3},"f":{"0":2,"1":2,"2":2,"3":1},"b":{"0":[2,0]},"_coverageSchema":"1a1c01bbd47fc00a2c39e90264f33305004495a9","hash":"c9356c9509bb9c35a2ee35592f0c43c7ef204ddc"}
,"/Users/user/Documents/GoIT/Node/nodejs-homework-rest-api/repositories/contacts.js": {"path":"/Users/user/Documents/GoIT/Node/nodejs-homework-rest-api/repositories/contacts.js","statementMap":{"0":{"start":{"line":1,"column":16},"end":{"line":1,"column":43}},"1":{"start":{"line":3,"column":15},"end":{"line":15,"column":1}},"2":{"start":{"line":4,"column":37},"end":{"line":4,"column":42}},"3":{"start":{"line":5,"column":24},"end":{"line":5,"column":41}},"4":{"start":{"line":6,"column":18},"end":{"line":13,"column":4}},"5":{"start":{"line":14,"column":2},"end":{"line":14,"column":17}},"6":{"start":{"line":17,"column":16},"end":{"line":26,"column":1}},"7":{"start":{"line":18,"column":17},"end":{"line":24,"column":4}},"8":{"start":{"line":25,"column":2},"end":{"line":25,"column":16}},"9":{"start":{"line":28,"column":22},"end":{"line":37,"column":1}},"10":{"start":{"line":29,"column":17},"end":{"line":35,"column":4}},"11":{"start":{"line":36,"column":2},"end":{"line":36,"column":16}},"12":{"start":{"line":39,"column":19},"end":{"line":42,"column":1}},"13":{"start":{"line":40,"column":17},"end":{"line":40,"column":65}},"14":{"start":{"line":41,"column":2},"end":{"line":41,"column":16}},"15":{"start":{"line":44,"column":22},"end":{"line":54,"column":1}},"16":{"start":{"line":45,"column":17},"end":{"line":52,"column":4}},"17":{"start":{"line":53,"column":2},"end":{"line":53,"column":16}},"18":{"start":{"line":56,"column":28},"end":{"line":66,"column":1}},"19":{"start":{"line":57,"column":17},"end":{"line":64,"column":4}},"20":{"start":{"line":65,"column":2},"end":{"line":65,"column":16}},"21":{"start":{"line":68,"column":0},"end":{"line":75,"column":2}}},"fnMap":{"0":{"name":"(anonymous_0)","decl":{"start":{"line":3,"column":15},"end":{"line":3,"column":16}},"loc":{"start":{"line":3,"column":40},"end":{"line":15,"column":1}},"line":3},"1":{"name":"(anonymous_1)","decl":{"start":{"line":17,"column":16},"end":{"line":17,"column":17}},"loc":{"start":{"line":17,"column":45},"end":{"line":26,"column":1}},"line":17},"2":{"name":"(anonymous_2)","decl":{"start":{"line":28,"column":22},"end":{"line":28,"column":23}},"loc":{"start":{"line":28,"column":51},"end":{"line":37,"column":1}},"line":28},"3":{"name":"(anonymous_3)","decl":{"start":{"line":39,"column":19},"end":{"line":39,"column":20}},"loc":{"start":{"line":39,"column":43},"end":{"line":42,"column":1}},"line":39},"4":{"name":"(anonymous_4)","decl":{"start":{"line":44,"column":22},"end":{"line":44,"column":23}},"loc":{"start":{"line":44,"column":57},"end":{"line":54,"column":1}},"line":44},"5":{"name":"(anonymous_5)","decl":{"start":{"line":56,"column":28},"end":{"line":56,"column":29}},"loc":{"start":{"line":56,"column":63},"end":{"line":66,"column":1}},"line":56}},"branchMap":{"0":{"loc":{"start":{"line":4,"column":10},"end":{"line":4,"column":20}},"type":"default-arg","locations":[{"start":{"line":4,"column":18},"end":{"line":4,"column":20}}],"line":4},"1":{"loc":{"start":{"line":4,"column":22},"end":{"line":4,"column":32}},"type":"default-arg","locations":[{"start":{"line":4,"column":31},"end":{"line":4,"column":32}}],"line":4}},"s":{"0":3,"1":3,"2":1,"3":1,"4":1,"5":1,"6":3,"7":2,"8":2,"9":3,"10":0,"11":0,"12":3,"13":1,"14":1,"15":3,"16":0,"17":0,"18":3,"19":0,"20":0,"21":3},"f":{"0":1,"1":2,"2":0,"3":1,"4":0,"5":0},"b":{"0":[1],"1":[1]},"_coverageSchema":"1a1c01bbd47fc00a2c39e90264f33305004495a9","hash":"2b3826176a2d609ccd98b4b29478b0875613438b"}
,"/Users/user/Documents/GoIT/Node/nodejs-homework-rest-api/repositories/users.js": {"path":"/Users/user/Documents/GoIT/Node/nodejs-homework-rest-api/repositories/users.js","statementMap":{"0":{"start":{"line":1,"column":13},"end":{"line":1,"column":37}},"1":{"start":{"line":3,"column":17},"end":{"line":5,"column":1}},"2":{"start":{"line":4,"column":2},"end":{"line":4,"column":37}},"3":{"start":{"line":7,"column":20},"end":{"line":9,"column":1}},"4":{"start":{"line":8,"column":2},"end":{"line":8,"column":39}},"5":{"start":{"line":11,"column":19},"end":{"line":14,"column":1}},"6":{"start":{"line":12,"column":15},"end":{"line":12,"column":29}},"7":{"start":{"line":13,"column":2},"end":{"line":13,"column":27}},"8":{"start":{"line":16,"column":20},"end":{"line":18,"column":1}},"9":{"start":{"line":17,"column":2},"end":{"line":17,"column":54}},"10":{"start":{"line":20,"column":21},"end":{"line":22,"column":1}},"11":{"start":{"line":21,"column":2},"end":{"line":21,"column":70}},"12":{"start":{"line":24,"column":0},"end":{"line":30,"column":2}}},"fnMap":{"0":{"name":"(anonymous_0)","decl":{"start":{"line":3,"column":17},"end":{"line":3,"column":18}},"loc":{"start":{"line":3,"column":35},"end":{"line":5,"column":1}},"line":3},"1":{"name":"(anonymous_1)","decl":{"start":{"line":7,"column":20},"end":{"line":7,"column":21}},"loc":{"start":{"line":7,"column":37},"end":{"line":9,"column":1}},"line":7},"2":{"name":"(anonymous_2)","decl":{"start":{"line":11,"column":19},"end":{"line":11,"column":20}},"loc":{"start":{"line":11,"column":35},"end":{"line":14,"column":1}},"line":11},"3":{"name":"(anonymous_3)","decl":{"start":{"line":16,"column":20},"end":{"line":16,"column":21}},"loc":{"start":{"line":16,"column":41},"end":{"line":18,"column":1}},"line":16},"4":{"name":"(anonymous_4)","decl":{"start":{"line":20,"column":21},"end":{"line":20,"column":22}},"loc":{"start":{"line":20,"column":65},"end":{"line":22,"column":1}},"line":20}},"branchMap":{"0":{"loc":{"start":{"line":20,"column":40},"end":{"line":20,"column":60}},"type":"default-arg","locations":[{"start":{"line":20,"column":56},"end":{"line":20,"column":60}}],"line":20}},"s":{"0":3,"1":3,"2":5,"3":3,"4":3,"5":3,"6":1,"7":1,"8":3,"9":2,"10":3,"11":1,"12":3},"f":{"0":5,"1":3,"2":1,"3":2,"4":1},"b":{"0":[0]},"_coverageSchema":"1a1c01bbd47fc00a2c39e90264f33305004495a9","hash":"c70d7e8ca0d1742a2a21dd4fa19f2e8c394b9ea0"}
,"/Users/user/Documents/GoIT/Node/nodejs-homework-rest-api/routes/api/index.js": {"path":"/Users/user/Documents/GoIT/Node/nodejs-homework-rest-api/routes/api/index.js","statementMap":{"0":{"start":{"line":1,"column":16},"end":{"line":1,"column":34}},"1":{"start":{"line":2,"column":15},"end":{"line":2,"column":31}},"2":{"start":{"line":4,"column":0},"end":{"line":6,"column":43}},"3":{"start":{"line":8,"column":0},"end":{"line":8,"column":24}}},"fnMap":{},"branchMap":{},"s":{"0":2,"1":2,"2":2,"3":2},"f":{},"b":{},"_coverageSchema":"1a1c01bbd47fc00a2c39e90264f33305004495a9","hash":"0c8425c56952d4d3f3bba1e98ff8010f59c15599"}
,"/Users/user/Documents/GoIT/Node/nodejs-homework-rest-api/routes/api/contacts/index.js": {"path":"/Users/user/Documents/GoIT/Node/nodejs-homework-rest-api/routes/api/contacts/index.js","statementMap":{"0":{"start":{"line":1,"column":16},"end":{"line":1,"column":34}},"1":{"start":{"line":2,"column":15},"end":{"line":2,"column":31}},"2":{"start":{"line":3,"column":13},"end":{"line":3,"column":53}},"3":{"start":{"line":4,"column":14},"end":{"line":4,"column":47}},"4":{"start":{"line":11,"column":4},"end":{"line":11,"column":27}},"5":{"start":{"line":13,"column":0},"end":{"line":15,"column":3}},"6":{"start":{"line":14,"column":2},"end":{"line":14,"column":9}},"7":{"start":{"line":17,"column":0},"end":{"line":19,"column":62}},"8":{"start":{"line":21,"column":0},"end":{"line":30,"column":4}},"9":{"start":{"line":32,"column":0},"end":{"line":37,"column":2}},"10":{"start":{"line":39,"column":0},"end":{"line":39,"column":24}}},"fnMap":{"0":{"name":"(anonymous_0)","decl":{"start":{"line":13,"column":11},"end":{"line":13,"column":12}},"loc":{"start":{"line":13,"column":31},"end":{"line":15,"column":1}},"line":13}},"branchMap":{},"s":{"0":2,"1":2,"2":2,"3":2,"4":2,"5":2,"6":4,"7":2,"8":2,"9":2,"10":2},"f":{"0":4},"b":{},"_coverageSchema":"1a1c01bbd47fc00a2c39e90264f33305004495a9","hash":"0f0c83baed1b9a410d3b2088134805973add3f5b"}
,"/Users/user/Documents/GoIT/Node/nodejs-homework-rest-api/routes/api/contacts/validation.js": {"path":"/Users/user/Documents/GoIT/Node/nodejs-homework-rest-api/routes/api/contacts/validation.js","statementMap":{"0":{"start":{"line":1,"column":12},"end":{"line":1,"column":26}},"1":{"start":{"line":2,"column":17},"end":{"line":2,"column":36}},"2":{"start":{"line":4,"column":28},"end":{"line":11,"column":24}},"3":{"start":{"line":13,"column":28},"end":{"line":23,"column":43}},"4":{"start":{"line":25,"column":34},"end":{"line":27,"column":2}},"5":{"start":{"line":29,"column":17},"end":{"line":39,"column":1}},"6":{"start":{"line":30,"column":2},"end":{"line":38,"column":3}},"7":{"start":{"line":31,"column":4},"end":{"line":31,"column":36}},"8":{"start":{"line":32,"column":4},"end":{"line":32,"column":11}},"9":{"start":{"line":34,"column":4},"end":{"line":37,"column":7}},"10":{"start":{"line":41,"column":0},"end":{"line":61,"column":2}},"11":{"start":{"line":43,"column":4},"end":{"line":43,"column":57}},"12":{"start":{"line":46,"column":4},"end":{"line":46,"column":57}},"13":{"start":{"line":49,"column":4},"end":{"line":49,"column":63}},"14":{"start":{"line":53,"column":4},"end":{"line":58,"column":5}},"15":{"start":{"line":54,"column":6},"end":{"line":57,"column":9}},"16":{"start":{"line":59,"column":4},"end":{"line":59,"column":11}}},"fnMap":{"0":{"name":"(anonymous_0)","decl":{"start":{"line":29,"column":17},"end":{"line":29,"column":18}},"loc":{"start":{"line":29,"column":46},"end":{"line":39,"column":1}},"line":29},"1":{"name":"(anonymous_1)","decl":{"start":{"line":42,"column":27},"end":{"line":42,"column":28}},"loc":{"start":{"line":42,"column":47},"end":{"line":44,"column":3}},"line":42},"2":{"name":"(anonymous_2)","decl":{"start":{"line":45,"column":27},"end":{"line":45,"column":28}},"loc":{"start":{"line":45,"column":47},"end":{"line":47,"column":3}},"line":45},"3":{"name":"(anonymous_3)","decl":{"start":{"line":48,"column":33},"end":{"line":48,"column":34}},"loc":{"start":{"line":48,"column":53},"end":{"line":50,"column":3}},"line":48},"4":{"name":"(anonymous_4)","decl":{"start":{"line":52,"column":19},"end":{"line":52,"column":20}},"loc":{"start":{"line":52,"column":39},"end":{"line":60,"column":3}},"line":52}},"branchMap":{"0":{"loc":{"start":{"line":53,"column":4},"end":{"line":58,"column":5}},"type":"if","locations":[{"start":{"line":53,"column":4},"end":{"line":58,"column":5}},{"start":{"line":53,"column":4},"end":{"line":58,"column":5}}],"line":53}},"s":{"0":2,"1":2,"2":2,"3":2,"4":2,"5":2,"6":1,"7":1,"8":1,"9":0,"10":2,"11":1,"12":0,"13":0,"14":2,"15":0,"16":2},"f":{"0":1,"1":1,"2":0,"3":0,"4":2},"b":{"0":[0,2]},"_coverageSchema":"1a1c01bbd47fc00a2c39e90264f33305004495a9","hash":"f6aaeb5fded10d88ec89f771dd4facd99035df1b"}
,"/Users/user/Documents/GoIT/Node/nodejs-homework-rest-api/routes/api/users/index.js": {"path":"/Users/user/Documents/GoIT/Node/nodejs-homework-rest-api/routes/api/users/index.js","statementMap":{"0":{"start":{"line":1,"column":16},"end":{"line":1,"column":34}},"1":{"start":{"line":2,"column":15},"end":{"line":2,"column":31}},"2":{"start":{"line":3,"column":13},"end":{"line":3,"column":50}},"3":{"start":{"line":4,"column":33},"end":{"line":4,"column":56}},"4":{"start":{"line":5,"column":14},"end":{"line":5,"column":47}},"5":{"start":{"line":6,"column":15},"end":{"line":6,"column":49}},"6":{"start":{"line":8,"column":0},"end":{"line":10,"column":3}},"7":{"start":{"line":9,"column":2},"end":{"line":9,"column":9}},"8":{"start":{"line":12,"column":0},"end":{"line":16,"column":67}},"9":{"start":{"line":18,"column":0},"end":{"line":18,"column":24}}},"fnMap":{"0":{"name":"(anonymous_0)","decl":{"start":{"line":8,"column":11},"end":{"line":8,"column":12}},"loc":{"start":{"line":8,"column":31},"end":{"line":10,"column":1}},"line":8}},"branchMap":{},"s":{"0":2,"1":2,"2":2,"3":2,"4":2,"5":2,"6":2,"7":4,"8":2,"9":2},"f":{"0":4},"b":{},"_coverageSchema":"1a1c01bbd47fc00a2c39e90264f33305004495a9","hash":"2f1baaceb0d14876c6d358b52d6db843dbddc767"}
,"/Users/user/Documents/GoIT/Node/nodejs-homework-rest-api/routes/api/users/validation.js": {"path":"/Users/user/Documents/GoIT/Node/nodejs-homework-rest-api/routes/api/users/validation.js","statementMap":{"0":{"start":{"line":1,"column":12},"end":{"line":1,"column":26}},"1":{"start":{"line":2,"column":17},"end":{"line":2,"column":36}},"2":{"start":{"line":4,"column":25},"end":{"line":8,"column":28}},"3":{"start":{"line":10,"column":17},"end":{"line":20,"column":1}},"4":{"start":{"line":11,"column":2},"end":{"line":19,"column":3}},"5":{"start":{"line":12,"column":4},"end":{"line":12,"column":36}},"6":{"start":{"line":13,"column":4},"end":{"line":13,"column":11}},"7":{"start":{"line":15,"column":4},"end":{"line":18,"column":7}},"8":{"start":{"line":22,"column":0},"end":{"line":26,"column":2}},"9":{"start":{"line":24,"column":4},"end":{"line":24,"column":54}}},"fnMap":{"0":{"name":"(anonymous_0)","decl":{"start":{"line":10,"column":17},"end":{"line":10,"column":18}},"loc":{"start":{"line":10,"column":46},"end":{"line":20,"column":1}},"line":10},"1":{"name":"(anonymous_1)","decl":{"start":{"line":23,"column":24},"end":{"line":23,"column":25}},"loc":{"start":{"line":23,"column":44},"end":{"line":25,"column":3}},"line":23}},"branchMap":{},"s":{"0":2,"1":2,"2":2,"3":2,"4":3,"5":3,"6":3,"7":0,"8":2,"9":3},"f":{"0":3,"1":3},"b":{},"_coverageSchema":"1a1c01bbd47fc00a2c39e90264f33305004495a9","hash":"d4473af2a1b572fcdb5fca58a2a3edab3e53de0e"}
,"/Users/user/Documents/GoIT/Node/nodejs-homework-rest-api/services/cloud-upload.js": {"path":"/Users/user/Documents/GoIT/Node/nodejs-homework-rest-api/services/cloud-upload.js","statementMap":{"0":{"start":{"line":1,"column":19},"end":{"line":1,"column":43}},"1":{"start":{"line":2,"column":22},"end":{"line":2,"column":37}},"2":{"start":{"line":3,"column":0},"end":{"line":3,"column":27}},"3":{"start":{"line":4,"column":0},"end":{"line":8,"column":3}},"4":{"start":{"line":10,"column":20},"end":{"line":10,"column":57}},"5":{"start":{"line":15,"column":6},"end":{"line":19,"column":8}},"6":{"start":{"line":20,"column":4},"end":{"line":20,"column":40}},"7":{"start":{"line":24,"column":0},"end":{"line":24,"column":37}}},"fnMap":{"0":{"name":"(anonymous_0)","decl":{"start":{"line":13,"column":2},"end":{"line":13,"column":3}},"loc":{"start":{"line":13,"column":47},"end":{"line":21,"column":3}},"line":13}},"branchMap":{},"s":{"0":2,"1":2,"2":2,"3":2,"4":2,"5":1,"6":1,"7":2},"f":{"0":1},"b":{},"_coverageSchema":"1a1c01bbd47fc00a2c39e90264f33305004495a9","hash":"9650d8803ca0483f1f3fe6fa79c4ad07ab6ca713"}
,"/Users/user/Documents/GoIT/Node/nodejs-homework-rest-api/test/data/data.js": {"path":"/Users/user/Documents/GoIT/Node/nodejs-homework-rest-api/test/data/data.js","statementMap":{"0":{"start":{"line":1,"column":19},"end":{"line":5,"column":1}},"1":{"start":{"line":7,"column":16},"end":{"line":11,"column":1}},"2":{"start":{"line":13,"column":20},"end":{"line":17,"column":1}},"3":{"start":{"line":19,"column":0},"end":{"line":19,"column":54}}},"fnMap":{},"branchMap":{},"s":{"0":2,"1":2,"2":2,"3":2},"f":{},"b":{},"_coverageSchema":"1a1c01bbd47fc00a2c39e90264f33305004495a9","hash":"5d574c823d0fa45916b3a442ee1f90d6f5267d43"}
}
