TN:
SF:app.js
FN:27,(anonymous_0)
FN:33,(anonymous_1)
FN:42,(anonymous_2)
FNF:3
FNH:0
FNDA:0,(anonymous_0)
FNDA:0,(anonymous_1)
FNDA:0,(anonymous_2)
DA:1,2
DA:2,2
DA:3,2
DA:4,2
DA:5,2
DA:6,2
DA:7,2
DA:8,2
DA:9,2
DA:10,2
DA:12,2
DA:14,2
DA:16,2
DA:17,2
DA:18,2
DA:19,2
DA:20,2
DA:21,2
DA:23,2
DA:25,2
DA:27,2
DA:28,0
DA:33,2
DA:34,0
DA:35,0
DA:42,2
DA:43,0
DA:46,2
LF:28
LH:24
BRDA:14,0,0,0
BRDA:14,0,1,2
BRDA:18,1,0,2
BRDA:18,1,1,0
BRDA:34,2,0,0
BRDA:34,2,1,0
BRDA:36,3,0,0
BRDA:36,3,1,0
BRF:8
BRH:2
end_of_record
TN:
SF:config/passport.js
FN:12,(anonymous_0)
FNF:1
FNH:1
FNDA:5,(anonymous_0)
DA:1,3
DA:2,3
DA:3,3
DA:4,3
DA:5,3
DA:7,3
DA:8,3
DA:9,3
DA:11,3
DA:13,5
DA:14,5
DA:15,5
DA:16,0
DA:18,5
DA:19,0
DA:21,5
DA:23,0
LF:17
LH:14
BRDA:15,0,0,0
BRDA:15,0,1,5
BRDA:18,1,0,0
BRDA:18,1,1,5
BRF:4
BRH:2
end_of_record
TN:
SF:controllers/contacts.js
FN:4,(anonymous_0)
FN:21,(anonymous_1)
FN:40,(anonymous_2)
FN:52,(anonymous_3)
FN:73,(anonymous_4)
FN:96,(anonymous_5)
FNF:6
FNH:4
FNDA:1,(anonymous_0)
FNDA:2,(anonymous_1)
FNDA:1,(anonymous_2)
FNDA:0,(anonymous_3)
FNDA:3,(anonymous_4)
FNDA:0,(anonymous_5)
DA:1,3
DA:2,3
DA:4,3
DA:5,1
DA:6,1
DA:7,1
DA:11,1
DA:17,0
DA:21,3
DA:22,2
DA:23,2
DA:24,2
DA:25,2
DA:26,1
DA:30,1
DA:36,0
DA:40,3
DA:41,1
DA:42,1
DA:43,1
DA:44,1
DA:48,0
DA:52,3
DA:53,0
DA:54,0
DA:55,0
DA:56,0
DA:57,0
DA:63,0
DA:69,0
DA:73,3
DA:74,3
DA:75,3
DA:76,3
DA:81,2
DA:82,1
DA:86,1
DA:92,1
DA:96,3
DA:97,0
DA:98,0
DA:99,0
DA:104,0
DA:105,0
DA:109,0
DA:115,0
DA:119,3
LF:47
LH:30
BRDA:25,0,0,1
BRDA:25,0,1,1
BRDA:56,1,0,0
BRDA:56,1,1,0
BRDA:81,2,0,1
BRDA:81,2,1,1
BRDA:104,3,0,0
BRDA:104,3,1,0
BRF:8
BRH:4
end_of_record
TN:
SF:controllers/users.js
FN:12,(anonymous_0)
FN:40,(anonymous_1)
FN:69,(anonymous_2)
FN:110,(anonymous_3)
FNF:4
FNH:3
FNDA:2,(anonymous_0)
FNDA:1,(anonymous_1)
FNDA:0,(anonymous_2)
FNDA:1,(anonymous_3)
DA:1,2
DA:2,2
DA:3,2
DA:4,2
DA:6,2
DA:8,2
DA:9,2
DA:10,2
DA:12,2
DA:13,2
DA:14,2
DA:16,2
DA:17,1
DA:24,1
DA:26,1
DA:36,0
DA:40,2
DA:41,1
DA:42,1
DA:43,1
DA:44,1
DA:45,0
DA:51,1
DA:52,1
DA:53,1
DA:54,1
DA:55,1
DA:65,0
DA:69,2
DA:70,0
DA:71,0
DA:72,0
DA:74,0
DA:80,0
DA:110,2
DA:111,1
DA:112,1
DA:113,1
DA:114,1
DA:119,1
DA:120,1
DA:121,1
DA:127,0
DA:131,2
LF:44
LH:35
BRDA:16,0,0,1
BRDA:16,0,1,1
BRDA:44,1,0,0
BRDA:44,1,1,1
BRDA:44,2,0,1
BRDA:44,2,1,1
BRF:6
BRH:5
end_of_record
TN:
SF:helpers/constants.js
FN:23,(anonymous_0)
FNF:1
FNH:0
FNDA:0,(anonymous_0)
DA:1,4
DA:14,4
DA:20,4
DA:24,0
DA:32,4
LF:5
LH:4
BRF:0
BRH:0
end_of_record
TN:
SF:helpers/guard.js
FN:5,(anonymous_0)
FN:6,(anonymous_1)
FNF:2
FNH:2
FNDA:8,(anonymous_0)
FNDA:8,(anonymous_1)
DA:1,3
DA:2,3
DA:3,3
DA:5,3
DA:6,8
DA:7,8
DA:8,8
DA:9,8
DA:10,8
DA:13,8
DA:14,2
DA:21,6
DA:22,6
DA:26,3
LF:14
LH:14
BRDA:9,0,0,8
BRDA:9,0,1,0
BRDA:13,1,0,2
BRDA:13,1,1,6
BRDA:13,2,0,8
BRDA:13,2,1,8
BRDA:13,2,2,7
BRF:7
BRH:6
end_of_record
TN:
SF:helpers/upload.js
FN:8,(anonymous_0)
FN:11,(anonymous_1)
FN:19,(anonymous_2)
FNF:3
FNH:3
FNDA:1,(anonymous_0)
FNDA:1,(anonymous_1)
FNDA:1,(anonymous_2)
DA:1,2
DA:2,2
DA:3,2
DA:4,2
DA:5,2
DA:7,2
DA:9,1
DA:12,1
DA:16,2
DA:20,1
DA:21,1
DA:22,1
DA:24,0
DA:25,0
DA:26,0
DA:30,2
LF:16
LH:13
BRDA:20,0,0,1
BRDA:20,0,1,0
BRF:2
BRH:1
end_of_record
TN:
SF:model/contact.js
FN:30,(anonymous_0)
FN:39,(anonymous_1)
FNF:2
FNH:2
FNDA:2,(anonymous_0)
FNDA:2,(anonymous_1)
DA:1,3
DA:2,3
DA:4,3
DA:31,2
DA:32,2
DA:39,3
DA:40,2
DA:43,3
DA:44,3
DA:46,3
LF:10
LH:10
BRF:0
BRH:0
end_of_record
TN:
SF:model/db.js
FN:21,(anonymous_0)
FN:25,(anonymous_1)
FN:29,(anonymous_2)
FN:34,(anonymous_3)
FN:35,(anonymous_4)
FNF:5
FNH:0
FNDA:0,(anonymous_0)
FNDA:0,(anonymous_1)
FNDA:0,(anonymous_2)
FNDA:0,(anonymous_3)
FNDA:0,(anonymous_4)
DA:1,2
DA:2,2
DA:5,2
DA:7,2
DA:8,2
DA:10,2
DA:12,2
DA:20,2
DA:21,0
DA:22,0
DA:25,0
DA:26,0
DA:29,0
DA:30,0
DA:34,2
DA:35,0
DA:36,0
DA:37,0
DA:41,2
LF:19
LH:10
BRDA:7,0,0,2
BRDA:7,0,1,0
BRDA:20,1,0,0
BRDA:20,1,1,2
BRF:4
BRH:2
end_of_record
TN:
SF:model/user.js
FN:20,(anonymous_0)
FN:36,(anonymous_1)
FN:47,(anonymous_2)
FN:56,(anonymous_3)
FNF:4
FNH:4
FNDA:2,(anonymous_0)
FNDA:2,(anonymous_1)
FNDA:2,(anonymous_2)
FNDA:1,(anonymous_3)
DA:1,3
DA:2,3
DA:3,3
DA:4,3
DA:5,3
DA:9,3
DA:11,3
DA:21,2
DA:22,2
DA:37,2
DA:47,3
DA:48,2
DA:49,2
DA:50,2
DA:52,2
DA:56,3
DA:57,1
DA:60,3
DA:62,3
LF:19
LH:19
BRDA:48,0,0,2
BRDA:48,0,1,0
BRF:2
BRH:1
end_of_record
TN:
SF:repositories/contacts.js
FN:3,(anonymous_0)
FN:17,(anonymous_1)
FN:28,(anonymous_2)
FN:39,(anonymous_3)
FN:44,(anonymous_4)
FN:56,(anonymous_5)
FNF:6
FNH:3
FNDA:1,(anonymous_0)
FNDA:2,(anonymous_1)
FNDA:0,(anonymous_2)
FNDA:1,(anonymous_3)
FNDA:0,(anonymous_4)
FNDA:0,(anonymous_5)
DA:1,3
DA:3,3
DA:4,1
DA:5,1
DA:6,1
DA:14,1
DA:17,3
DA:18,2
DA:25,2
DA:28,3
DA:29,0
DA:36,0
DA:39,3
DA:40,1
DA:41,1
DA:44,3
DA:45,0
DA:53,0
DA:56,3
DA:57,0
DA:65,0
DA:68,3
LF:22
LH:16
BRDA:4,0,0,1
BRDA:4,1,0,1
BRF:2
BRH:2
end_of_record
TN:
SF:repositories/users.js
FN:3,(anonymous_0)
FN:7,(anonymous_1)
FN:11,(anonymous_2)
FN:16,(anonymous_3)
FN:20,(anonymous_4)
FNF:5
FNH:5
FNDA:5,(anonymous_0)
FNDA:3,(anonymous_1)
FNDA:1,(anonymous_2)
FNDA:2,(anonymous_3)
FNDA:1,(anonymous_4)
DA:1,3
DA:3,3
DA:4,5
DA:7,3
DA:8,3
DA:11,3
DA:12,1
DA:13,1
DA:16,3
DA:17,2
DA:20,3
DA:21,1
DA:24,3
LF:13
LH:13
BRDA:20,0,0,0
BRF:1
BRH:0
end_of_record
TN:
SF:routes/api/index.js
FNF:0
FNH:0
DA:1,2
DA:2,2
DA:4,2
DA:8,2
LF:4
LH:4
BRF:0
BRH:0
end_of_record
TN:
SF:routes/api/contacts/index.js
FN:13,(anonymous_0)
FNF:1
FNH:1
FNDA:4,(anonymous_0)
DA:1,2
DA:2,2
DA:3,2
DA:4,2
DA:11,2
DA:13,2
DA:14,4
DA:17,2
DA:21,2
DA:32,2
DA:39,2
LF:11
LH:11
BRF:0
BRH:0
end_of_record
TN:
SF:routes/api/contacts/validation.js
FN:29,(anonymous_0)
FN:42,(anonymous_1)
FN:45,(anonymous_2)
FN:48,(anonymous_3)
FN:52,(anonymous_4)
FNF:5
FNH:3
FNDA:1,(anonymous_0)
FNDA:1,(anonymous_1)
FNDA:0,(anonymous_2)
FNDA:0,(anonymous_3)
FNDA:2,(anonymous_4)
DA:1,2
DA:2,2
DA:4,2
DA:13,2
DA:25,2
DA:29,2
DA:30,1
DA:31,1
DA:32,1
DA:34,0
DA:41,2
DA:43,1
DA:46,0
DA:49,0
DA:53,2
DA:54,0
DA:59,2
LF:17
LH:13
BRDA:53,0,0,0
BRDA:53,0,1,2
BRF:2
BRH:1
end_of_record
TN:
SF:routes/api/users/index.js
FN:8,(anonymous_0)
FNF:1
FNH:1
FNDA:4,(anonymous_0)
DA:1,2
DA:2,2
DA:3,2
DA:4,2
DA:5,2
DA:6,2
DA:8,2
DA:9,4
DA:12,2
DA:18,2
LF:10
LH:10
BRF:0
BRH:0
end_of_record
TN:
SF:routes/api/users/validation.js
FN:10,(anonymous_0)
FN:23,(anonymous_1)
FNF:2
FNH:2
FNDA:3,(anonymous_0)
FNDA:3,(anonymous_1)
DA:1,2
DA:2,2
DA:4,2
DA:10,2
DA:11,3
DA:12,3
DA:13,3
DA:15,0
DA:22,2
DA:24,3
LF:10
LH:9
BRF:0
BRH:0
end_of_record
TN:
SF:services/cloud-upload.js
FN:13,(anonymous_0)
FNF:1
FNH:1
FNDA:1,(anonymous_0)
DA:1,2
DA:2,2
DA:3,2
DA:4,2
DA:10,2
DA:15,1
DA:20,1
DA:24,2
LF:8
LH:8
BRF:0
BRH:0
end_of_record
TN:
SF:test/data/data.js
FNF:0
FNH:0
DA:1,2
DA:7,2
DA:13,2
DA:19,2
LF:4
LH:4
BRF:0
BRH:0
end_of_record
